<?xml version="1.0" encoding="UTF-8"?>
<!-- Generated by org.testng.reporters.JUnitReportReporter -->
<testsuite skipped="0" hostname="AT-R6" name="project.par" tests="1" failures="0" timestamp="24 May 2018 05:39:58 GMT" time="118.303" errors="0">
  <testcase name="sai" time="118.303" classname="project.par"/>
</testsuite> <!-- project.par -->
